match (n)-[*]-(m) detach delete n,m
merge (a:Person {gid:"09f8d02f-70ea-11e7-afc1-5435303b8159"})
on create set a.phone =13999999910
with a
match (b:Person {phone:13999999910})
with b
where b.gid <> "09f8d02f-70ea-11e7-afc1-5435303b8158"
create (a)-[:phone]->(b)


WARN util.NativeCodeLoader: Unable to load native-hadoop library for your platform... using builtin-java classes where applicable
查看linux库文件32位还是64位
objdump -a  *.a
objdump -a  *.so


Caused by: java.lang.UnsatisfiedLinkError: org.apache.hadoop.util.NativeCodeLoader.buildSupportsSnappy()Z
hadoop checknative -a | grep snappy 检查是否包含snappy库（高效压缩）
vim conf/tez-site.xml
<!--
<property>
<name>tez.runtime.compress.codec</name>
<value>org.apache.hadoop.io.compress.SnappyCodec</value>
</property>
-->
暂时关闭压缩


MR:
a.tagvalues	b.tagvalues	count
微信支付	女	25196
支付宝	女	25024
银联卡	女	25230

TEZ:
a.tagvalues	b.tagvalues	count
微信支付	女	25196
支付宝	女	25024
银联卡	女	25230


MR:70-75s TEZ:10-15s
select a.tagvalues,b.tagvalues,count(1) as count from pay_way a
join (select sex.idtype,sex.id,sex.tagvalues from sex left semi join
(select tagvalues from sex group by tagvalues having count(*)>25000) tmp on sex.tagvalues=tmp.tagvalues) b
on (a.id=b.id and a.idtype=b.idtype) group by a.tagvalues,b.tagvalues;

MR:60-65s TEZ:10-12s
select a.tagvalues,b.tagvalues,count(1) as count from pay_way a
join (select /*+ mapjoin(tmp) */sex.idtype,sex.id,sex.tagvalues from sex left semi join
(select tagvalues from sex group by tagvalues having count(*)>25000) tmp on sex.tagvalues=tmp.tagvalues) b
on (a.id=b.id and a.idtype=b.idtype) group by a.tagvalues,b.tagvalues;


MR:70-75s
select a.tagvalues,b.tagvalues,count(1) as count from pay_way a
join (select idtype,id,tagvalues from sex where tagvalues in (select tagvalues from sex group by tagvalues having count(*)>25000)) b
on (a.id=b.id and a.idtype=b.idtype) group by a.tagvalues,b.tagvalues;

MR:60-65s TEZ:10-15s
select a.tagvalues,b.tagvalues,count(1) as count from pay_way a
join (select idtype,id,tagvalues from sex where tagvalues in (select tagvalues from sex group by tagvalues having count(*)>25000)) b
on (a.idtype=b.idtype and a.id=b.id) group by a.tagvalues,b.tagvalues;


60-75s
select a.tagvalues,b.tagvalues,count(1) as count from pay_way a
join (select /*+ mapjoin(tmp) */sex.idtype,sex.id,sex.tagvalues from sex left semi join
(select tagvalues from sex group by tagvalues having count(*)>25000) tmp on sex.tagvalues=tmp.tagvalues) b
on (a.idtype=b.idtype and a.id=b.id ) group by a.tagvalues,b.tagvalues;

MR:
STAGE PLANS:
  Stage: Stage-1
    Map Reduce
      Map Operator Tree:
          TableScan
            alias: sex
            Statistics: Num rows: 20890 Data size: 2089195 Basic stats: COMPLETE Column stats: NONE
            Filter Operator
              predicate: tagvalues is not null (type: boolean)
              Statistics: Num rows: 10445 Data size: 1044597 Basic stats: COMPLETE Column stats: NONE
              Group By Operator
                aggregations: count()
                keys: tagvalues (type: string)
                mode: hash
                outputColumnNames: _col0, _col1
                Statistics: Num rows: 10445 Data size: 1044597 Basic stats: COMPLETE Column stats: NONE
                Reduce Output Operator
                  key expressions: _col0 (type: string)
                  sort order: +
                  Map-reduce partition columns: _col0 (type: string)
                  Statistics: Num rows: 10445 Data size: 1044597 Basic stats: COMPLETE Column stats: NONE
                  value expressions: _col1 (type: bigint)
      Reduce Operator Tree:
        Group By Operator
          aggregations: count(VALUE._col0)
          keys: KEY._col0 (type: string)
          mode: mergepartial
          outputColumnNames: _col0, _col1
          Statistics: Num rows: 5222 Data size: 522248 Basic stats: COMPLETE Column stats: NONE
          Filter Operator
            predicate: (_col1 > 25000) (type: boolean)
            Statistics: Num rows: 1740 Data size: 174015 Basic stats: COMPLETE Column stats: NONE
            Select Operator
              expressions: _col0 (type: string)
              outputColumnNames: _col0
              Statistics: Num rows: 1740 Data size: 174015 Basic stats: COMPLETE Column stats: NONE
              Group By Operator
                keys: _col0 (type: string)
                mode: hash
                outputColumnNames: _col0
                Statistics: Num rows: 1740 Data size: 174015 Basic stats: COMPLETE Column stats: NONE
                File Output Operator
                  compressed: false
                  table:
                      input format: org.apache.hadoop.mapred.SequenceFileInputFormat
                      output format: org.apache.hadoop.hive.ql.io.HiveSequenceFileOutputFormat
                      serde: org.apache.hadoop.hive.serde2.lazybinary.LazyBinarySerDe

  Stage: Stage-9
    Conditional Operator

  Stage: Stage-11
    Map Reduce Local Work
      Alias -> Map Local Tables:
        b:$INTNAME
          Fetch Operator
            limit: -1
      Alias -> Map Local Operator Tree:
        b:$INTNAME
          TableScan
            HashTable Sink Operator
              keys:
                0 tagvalues (type: string)
                1 _col0 (type: string)

  Stage: Stage-8
    Map Reduce
      Map Operator Tree:
          TableScan
            alias: sex
            Statistics: Num rows: 6960 Data size: 2089195 Basic stats: COMPLETE Column stats: NONE
            Filter Operator
              predicate: ((tagvalues is not null and idtype is not null) and id is not null) (type: boolean)
              Statistics: Num rows: 870 Data size: 261149 Basic stats: COMPLETE Column stats: NONE
              Map Join Operator
                condition map:
                     Left Semi Join 0 to 1
                keys:
                  0 tagvalues (type: string)
                  1 _col0 (type: string)
                outputColumnNames: _col1, _col2, _col3
                Statistics: Num rows: 1914 Data size: 191416 Basic stats: COMPLETE Column stats: NONE
                Select Operator
                  expressions: _col1 (type: string), _col2 (type: string), _col3 (type: string)
                  outputColumnNames: _col0, _col1, _col2
                  Statistics: Num rows: 1914 Data size: 191416 Basic stats: COMPLETE Column stats: NONE
                  File Output Operator
                    compressed: false
                    table:
                        input format: org.apache.hadoop.mapred.SequenceFileInputFormat
                        output format: org.apache.hadoop.hive.ql.io.HiveSequenceFileOutputFormat
                        serde: org.apache.hadoop.hive.serde2.lazybinary.LazyBinarySerDe
      Local Work:
        Map Reduce Local Work

  Stage: Stage-10
    Map Reduce Local Work
      Alias -> Map Local Tables:
        a
          Fetch Operator
            limit: -1
      Alias -> Map Local Operator Tree:
        a
          TableScan
            alias: a
            Statistics: Num rows: 4878 Data size: 1463556 Basic stats: COMPLETE Column stats: NONE
            Filter Operator
              predicate: (idtype is not null and id is not null) (type: boolean)
              Statistics: Num rows: 1220 Data size: 366039 Basic stats: COMPLETE Column stats: NONE
              HashTable Sink Operator
                keys:
                  0 idtype (type: string), id (type: string)
                  1 _col0 (type: string), _col1 (type: string)

  Stage: Stage-4
    Map Reduce
      Map Operator Tree:
          TableScan
            Map Join Operator
              condition map:
                   Inner Join 0 to 1
              keys:
                0 idtype (type: string), id (type: string)
                1 _col0 (type: string), _col1 (type: string)
              outputColumnNames: _col3, _col11
              Statistics: Num rows: 2105 Data size: 210557 Basic stats: COMPLETE Column stats: NONE
              Group By Operator
                aggregations: count(1)
                keys: _col3 (type: string), _col11 (type: string)
                mode: hash
                outputColumnNames: _col0, _col1, _col2
                Statistics: Num rows: 2105 Data size: 210557 Basic stats: COMPLETE Column stats: NONE
                Reduce Output Operator
                  key expressions: _col0 (type: string), _col1 (type: string)
                  sort order: ++
                  Map-reduce partition columns: _col0 (type: string), _col1 (type: string)
                  Statistics: Num rows: 2105 Data size: 210557 Basic stats: COMPLETE Column stats: NONE
                  value expressions: _col2 (type: bigint)
      Local Work:
        Map Reduce Local Work
      Reduce Operator Tree:
        Group By Operator
          aggregations: count(VALUE._col0)
          keys: KEY._col0 (type: string), KEY._col1 (type: string)
          mode: mergepartial
          outputColumnNames: _col0, _col1, _col2
          Statistics: Num rows: 1052 Data size: 105228 Basic stats: COMPLETE Column stats: NONE
          File Output Operator
            compressed: false
            Statistics: Num rows: 1052 Data size: 105228 Basic stats: COMPLETE Column stats: NONE
            table:
                input format: org.apache.hadoop.mapred.TextInputFormat
                output format: org.apache.hadoop.hive.ql.io.HiveIgnoreKeyTextOutputFormat
                serde: org.apache.hadoop.hive.serde2.lazy.LazySimpleSerDe

  Stage: Stage-2
    Map Reduce
      Map Operator Tree:
          TableScan
            Reduce Output Operator
              key expressions: _col0 (type: string)
              sort order: +
              Map-reduce partition columns: _col0 (type: string)
              Statistics: Num rows: 1740 Data size: 174015 Basic stats: COMPLETE Column stats: NONE
          TableScan
            alias: sex
            Statistics: Num rows: 6960 Data size: 2089195 Basic stats: COMPLETE Column stats: NONE
            Filter Operator
              predicate: ((tagvalues is not null and idtype is not null) and id is not null) (type: boolean)
              Statistics: Num rows: 870 Data size: 261149 Basic stats: COMPLETE Column stats: NONE
              Reduce Output Operator
                key expressions: tagvalues (type: string)
                sort order: +
                Map-reduce partition columns: tagvalues (type: string)
                Statistics: Num rows: 870 Data size: 261149 Basic stats: COMPLETE Column stats: NONE
                value expressions: idtype (type: string), id (type: string)
      Reduce Operator Tree:
        Join Operator
          condition map:
               Left Semi Join 0 to 1
          keys:
            0 tagvalues (type: string)
            1 _col0 (type: string)
          outputColumnNames: _col1, _col2, _col3
          Statistics: Num rows: 1914 Data size: 191416 Basic stats: COMPLETE Column stats: NONE
          Select Operator
            expressions: _col1 (type: string), _col2 (type: string), _col3 (type: string)
            outputColumnNames: _col0, _col1, _col2
            Statistics: Num rows: 1914 Data size: 191416 Basic stats: COMPLETE Column stats: NONE
            File Output Operator
              compressed: false
              table:
                  input format: org.apache.hadoop.mapred.SequenceFileInputFormat
                  output format: org.apache.hadoop.hive.ql.io.HiveSequenceFileOutputFormat
                  serde: org.apache.hadoop.hive.serde2.lazybinary.LazyBinarySerDe

  Stage: Stage-0
    Fetch Operator
      limit: -1
      Processor Tree:
        ListSink

TEZ:
Explain
STAGE DEPENDENCIES:
  Stage-1 is a root stage
  Stage-0 depends on stages: Stage-1

STAGE PLANS:
  Stage: Stage-1
    Tez
      Edges:
        Map 3 <- Reducer 2 (BROADCAST_EDGE)
        Map 4 <- Map 3 (BROADCAST_EDGE)
        Reducer 2 <- Map 1 (SIMPLE_EDGE)
        Reducer 5 <- Map 4 (SIMPLE_EDGE)
      DagName: hadoop_20170726154529_57574de7-ee48-4213-b510-5e6148f0883c:2
      Vertices:
        Map 1
            Map Operator Tree:
                TableScan
                  alias: sex
                  Statistics: Num rows: 20890 Data size: 2089195 Basic stats: COMPLETE Column stats: NONE
                  Filter Operator
                    predicate: tagvalues is not null (type: boolean)
                    Statistics: Num rows: 10445 Data size: 1044597 Basic stats: COMPLETE Column stats: NONE
                    Group By Operator
                      aggregations: count()
                      keys: tagvalues (type: string)
                      mode: hash
                      outputColumnNames: _col0, _col1
                      Statistics: Num rows: 10445 Data size: 1044597 Basic stats: COMPLETE Column stats: NONE
                      Reduce Output Operator
                        key expressions: _col0 (type: string)
                        sort order: +
                        Map-reduce partition columns: _col0 (type: string)
                        Statistics: Num rows: 10445 Data size: 1044597 Basic stats: COMPLETE Column stats: NONE
                        value expressions: _col1 (type: bigint)
        Map 3
            Map Operator Tree:
                TableScan
                  alias: sex
                  Statistics: Num rows: 6960 Data size: 2089195 Basic stats: COMPLETE Column stats: NONE
                  Filter Operator
                    predicate: ((tagvalues is not null and idtype is not null) and id is not null) (type: boolean)
                    Statistics: Num rows: 870 Data size: 261149 Basic stats: COMPLETE Column stats: NONE
                    Map Join Operator
                      condition map:
                           Left Semi Join 0 to 1
                      keys:
                        0 tagvalues (type: string)
                        1 _col0 (type: string)
                      outputColumnNames: _col1, _col2, _col3
                      input vertices:
                        1 Reducer 2
                      Statistics: Num rows: 1914 Data size: 191416 Basic stats: COMPLETE Column stats: NONE
                      HybridGraceHashJoin: true
                      Select Operator
                        expressions: _col1 (type: string), _col2 (type: string), _col3 (type: string)
                        outputColumnNames: _col0, _col1, _col2
                        Statistics: Num rows: 1914 Data size: 191416 Basic stats: COMPLETE Column stats: NONE
                        Reduce Output Operator
                          key expressions: _col0 (type: string), _col1 (type: string)
                          sort order: ++
                          Map-reduce partition columns: _col0 (type: string), _col1 (type: string)
                          Statistics: Num rows: 1914 Data size: 191416 Basic stats: COMPLETE Column stats: NONE
                          value expressions: _col2 (type: string)
        Map 4
            Map Operator Tree:
                TableScan
                  alias: a
                  Statistics: Num rows: 4878 Data size: 1463556 Basic stats: COMPLETE Column stats: NONE
                  Filter Operator
                    predicate: (idtype is not null and id is not null) (type: boolean)
                    Statistics: Num rows: 1220 Data size: 366039 Basic stats: COMPLETE Column stats: NONE
                    Map Join Operator
                      condition map:
                           Inner Join 0 to 1
                      keys:
                        0 idtype (type: string), id (type: string)
                        1 _col0 (type: string), _col1 (type: string)
                      outputColumnNames: _col3, _col11
                      input vertices:
                        1 Map 3
                      Statistics: Num rows: 2105 Data size: 210557 Basic stats: COMPLETE Column stats: NONE
                      HybridGraceHashJoin: true
                      Group By Operator
                        aggregations: count(1)
                        keys: _col3 (type: string), _col11 (type: string)
                        mode: hash
                        outputColumnNames: _col0, _col1, _col2
                        Statistics: Num rows: 2105 Data size: 210557 Basic stats: COMPLETE Column stats: NONE
                        Reduce Output Operator
                          key expressions: _col0 (type: string), _col1 (type: string)
                          sort order: ++
                          Map-reduce partition columns: _col0 (type: string), _col1 (type: string)
                          Statistics: Num rows: 2105 Data size: 210557 Basic stats: COMPLETE Column stats: NONE
                          value expressions: _col2 (type: bigint)
        Reducer 2
            Reduce Operator Tree:
              Group By Operator
                aggregations: count(VALUE._col0)
                keys: KEY._col0 (type: string)
                mode: mergepartial
                outputColumnNames: _col0, _col1
                Statistics: Num rows: 5222 Data size: 522248 Basic stats: COMPLETE Column stats: NONE
                Filter Operator
                  predicate: (_col1 > 25000) (type: boolean)
                  Statistics: Num rows: 1740 Data size: 174015 Basic stats: COMPLETE Column stats: NONE
                  Select Operator
                    expressions: _col0 (type: string)
                    outputColumnNames: _col0
                    Statistics: Num rows: 1740 Data size: 174015 Basic stats: COMPLETE Column stats: NONE
                    Group By Operator
                      keys: _col0 (type: string)
                      mode: hash
                      outputColumnNames: _col0
                      Statistics: Num rows: 1740 Data size: 174015 Basic stats: COMPLETE Column stats: NONE
                      Reduce Output Operator
                        key expressions: _col0 (type: string)
                        sort order: +
                        Map-reduce partition columns: _col0 (type: string)
                        Statistics: Num rows: 1740 Data size: 174015 Basic stats: COMPLETE Column stats: NONE
        Reducer 5
            Reduce Operator Tree:
              Group By Operator
                aggregations: count(VALUE._col0)
                keys: KEY._col0 (type: string), KEY._col1 (type: string)
                mode: mergepartial
                outputColumnNames: _col0, _col1, _col2
                Statistics: Num rows: 1052 Data size: 105228 Basic stats: COMPLETE Column stats: NONE
                File Output Operator
                  compressed: false
                  Statistics: Num rows: 1052 Data size: 105228 Basic stats: COMPLETE Column stats: NONE
                  table:
                      input format: org.apache.hadoop.mapred.TextInputFormat
                      output format: org.apache.hadoop.hive.ql.io.HiveIgnoreKeyTextOutputFormat
                      serde: org.apache.hadoop.hive.serde2.lazy.LazySimpleSerDe

  Stage: Stage-0
    Fetch Operator
      limit: -1
      Processor Tree:
        ListSink


65-70s（a,b比例不够？）
select /*+ MAPJOIN(b) */ a.tagvalues,b.tagvalues,count(1) as count from pay_way a
join (select idtype,id,tagvalues from sex where tagvalues in (select tagvalues from sex group by tagvalues having count(*)>25000)) b
on (a.idtype=b.idtype and a.id=b.id) group by a.tagvalues,b.tagvalues;







select count(*) from (select idtype,id,tagvalues from sex where tagvalues in (select tagvalues from sex group by tagvalues having count(*)>25000)) a;


select tagvalues,count(*) from sex group by tagvalues having count(*)>25000;


select tagvalues from sex group by tagvalues having count(*)>25000



pay_way